 04:37:38.67 
 04:37:38.68 Welcome to the Bitnami spark container
 04:37:38.68 Subscribe to project updates by watching https://github.com/bitnami/bitnami-docker-spark
 04:37:38.68 Submit issues and feature requests at https://github.com/bitnami/bitnami-docker-spark/issues
 04:37:38.68 
 04:37:38.69 INFO  ==> ** Starting Spark setup **
realpath: /bitnami/spark/conf: No such file or directory
 04:37:38.71 INFO  ==> Generating Spark configuration file...
 04:37:38.72 INFO  ==> ** Spark setup finished! **
 04:37:38.74 INFO  ==> ** Starting Spark in worker mode **
Spark Command: /opt/bitnami/java/bin/java -cp /opt/bitnami/spark/conf/:/opt/bitnami/spark/jars/* -Xmx1g org.apache.spark.deploy.worker.Worker --webui-port 8081 spark://spark:7077
========================================
Using Spark's default log4j profile: org/apache/spark/log4j-defaults.properties
23/06/07 04:37:39 INFO Worker: Started daemon with process name: 38@b36449647851
23/06/07 04:37:39 INFO SignalUtils: Registering signal handler for TERM
23/06/07 04:37:39 INFO SignalUtils: Registering signal handler for HUP
23/06/07 04:37:39 INFO SignalUtils: Registering signal handler for INT
23/06/07 04:37:40 WARN NativeCodeLoader: Unable to load native-hadoop library for your platform... using builtin-java classes where applicable
23/06/07 04:37:40 INFO SecurityManager: Changing view acls to: spark
23/06/07 04:37:40 INFO SecurityManager: Changing modify acls to: spark
23/06/07 04:37:40 INFO SecurityManager: Changing view acls groups to: 
23/06/07 04:37:40 INFO SecurityManager: Changing modify acls groups to: 
23/06/07 04:37:40 INFO SecurityManager: SecurityManager: authentication disabled; ui acls disabled; users  with view permissions: Set(spark); groups with view permissions: Set(); users  with modify permissions: Set(spark); groups with modify permissions: Set()
23/06/07 04:37:40 INFO Utils: Successfully started service 'sparkWorker' on port 41865.
23/06/07 04:37:40 INFO Worker: Worker decommissioning not enabled.
23/06/07 04:37:41 INFO Worker: Starting Spark worker 172.20.0.2:41865 with 1 cores, 1024.0 MiB RAM
23/06/07 04:37:41 INFO Worker: Running Spark version 3.2.1
23/06/07 04:37:41 INFO Worker: Spark home: /opt/bitnami/spark
23/06/07 04:37:41 INFO ResourceUtils: ==============================================================
23/06/07 04:37:41 INFO ResourceUtils: No custom resources configured for spark.worker.
23/06/07 04:37:41 INFO ResourceUtils: ==============================================================
23/06/07 04:37:41 INFO Utils: Successfully started service 'WorkerUI' on port 8081.
23/06/07 04:37:41 INFO WorkerWebUI: Bound WorkerWebUI to 0.0.0.0, and started at http://b36449647851:8081
23/06/07 04:37:41 INFO Worker: Connecting to master spark:7077...
23/06/07 04:37:41 INFO TransportClientFactory: Successfully created connection to spark/172.20.0.5:7077 after 40 ms (0 ms spent in bootstraps)
23/06/07 04:37:52 INFO Worker: Retrying connection to master (attempt # 1)
23/06/07 04:37:52 INFO Worker: Connecting to master spark:7077...
23/06/07 04:37:52 INFO Worker: Successfully registered with master spark://06e561c27113:7077

starting org.apache.spark.deploy.worker.Worker, logging to /opt/bitnami/spark/logs/spark--org.apache.spark.deploy.worker.Worker-1-b36449647851.out