 04:37:39.21 
 04:37:39.21 Welcome to the Bitnami spark container
 04:37:39.21 Subscribe to project updates by watching https://github.com/bitnami/bitnami-docker-spark
 04:37:39.21 Submit issues and feature requests at https://github.com/bitnami/bitnami-docker-spark/issues
 04:37:39.21 
 04:37:39.22 INFO  ==> ** Starting Spark setup **
realpath: /bitnami/spark/conf: No such file or directory
 04:37:39.24 INFO  ==> Generating Spark configuration file...
 04:37:39.25 INFO  ==> ** Spark setup finished! **
 04:37:39.27 INFO  ==> ** Starting Spark in master mode **
Spark Command: /opt/bitnami/java/bin/java -cp /opt/bitnami/spark/conf/:/opt/bitnami/spark/jars/* -Xmx1g org.apache.spark.deploy.master.Master --host 06e561c27113 --port 7077 --webui-port 8080
========================================
Using Spark's default log4j profile: org/apache/spark/log4j-defaults.properties
23/06/07 04:37:40 INFO Master: Started daemon with process name: 40@06e561c27113
23/06/07 04:37:40 INFO SignalUtils: Registering signal handler for TERM
23/06/07 04:37:40 INFO SignalUtils: Registering signal handler for HUP
23/06/07 04:37:40 INFO SignalUtils: Registering signal handler for INT
23/06/07 04:37:40 WARN NativeCodeLoader: Unable to load native-hadoop library for your platform... using builtin-java classes where applicable
23/06/07 04:37:40 INFO SecurityManager: Changing view acls to: spark
23/06/07 04:37:40 INFO SecurityManager: Changing modify acls to: spark
23/06/07 04:37:40 INFO SecurityManager: Changing view acls groups to: 
23/06/07 04:37:40 INFO SecurityManager: Changing modify acls groups to: 
23/06/07 04:37:40 INFO SecurityManager: SecurityManager: authentication disabled; ui acls disabled; users  with view permissions: Set(spark); groups with view permissions: Set(); users  with modify permissions: Set(spark); groups with modify permissions: Set()
23/06/07 04:37:41 INFO Utils: Successfully started service 'sparkMaster' on port 7077.
23/06/07 04:37:41 INFO Master: Starting Spark master at spark://06e561c27113:7077
23/06/07 04:37:41 INFO Master: Running Spark version 3.2.1
23/06/07 04:37:41 INFO Utils: Successfully started service 'MasterUI' on port 8080.
23/06/07 04:37:41 INFO MasterWebUI: Bound MasterWebUI to 0.0.0.0, and started at http://06e561c27113:8080
23/06/07 04:37:41 INFO Master: Registering worker 172.20.0.2:41865 with 1 cores, 1024.0 MiB RAM
23/06/07 04:37:41 INFO Master: I have been elected leader! New state: ALIVE
23/06/07 04:37:52 INFO Master: Registering worker 172.20.0.2:41865 with 1 cores, 1024.0 MiB RAM

starting org.apache.spark.deploy.master.Master, logging to /opt/bitnami/spark/logs/spark--org.apache.spark.deploy.master.Master-1-06e561c27113.out